<?xml version="1.0" encoding="UTF-8"?>
<testng-results ignored="0" total="1" passed="1" failed="0" skipped="0">
  <reporter-output>
  </reporter-output>
  <suite started-at="2022-03-05T15:02:47 PST" name="Default suite" finished-at="2022-03-05T15:02:52 PST" duration-ms="5369">
    <groups>
    </groups>
    <test started-at="2022-03-05T15:02:47 PST" name="Default test" finished-at="2022-03-05T15:02:52 PST" duration-ms="5369">
      <class name="TestProject.publicApi">
        <test-method signature="GetCurrencycodesandnames()[pri:0, instance:TestProject.publicApi@418e7838]" started-at="2022-03-05T15:02:47 PST" name="GetCurrencycodesandnames" finished-at="2022-03-05T15:02:52 PST" duration-ms="5342" status="PASS">
          <reporter-output>
          </reporter-output>
        </test-method> <!-- GetCurrencycodesandnames -->
      </class> <!-- TestProject.publicApi -->
    </test> <!-- Default test -->
  </suite> <!-- Default suite -->
</testng-results>
